2015/10/14 14:38:30 にビルドを開始しました。
     1>ノード 2 上のプロジェクト "C:\WorkSpace\MiraiSouzouten\Program\Program\DirectXWindow.vcxproj" (Build ターゲット)。
     1>ClCompile:
         C:\Program Files (x86)\Microsoft Visual Studio 12.0\VC\bin\CL.exe /c /IC:\WorkSpace\MiraiSouzouten\Program\Program\\source /IC:\WorkSpace\MiraiSouzouten\Program\Program\\src /ZI /nologo /W3 /WX- /Od /Oy- /D WIN32 /D _DEBUG /D _WINDOWS /D _MBCS /Gm /EHsc /RTC1 /MTd /GS /fp:precise /Zc:wchar_t /Zc:forScope /Yc"stdafx.h" /Fp"Debug\DirectXWindow.pch" /Fo"Debug\\" /Fd"Debug\vc120.pdb" /Gd /TP /FIstdafx.h /FIcommon.h /analyze- /errorReport:prompt src\stdafx.cpp
         stdafx.cpp
         C:\Program Files (x86)\Microsoft Visual Studio 12.0\VC\bin\CL.exe /c /IC:\WorkSpace\MiraiSouzouten\Program\Program\\source /IC:\WorkSpace\MiraiSouzouten\Program\Program\\src /ZI /nologo /W3 /WX- /Od /Oy- /D WIN32 /D _DEBUG /D _WINDOWS /D _MBCS /Gm /EHsc /RTC1 /MTd /GS /fp:precise /Zc:wchar_t /Zc:forScope /Yu"stdafx.h" /Fp"Debug\DirectXWindow.pch" /Fo"Debug\\" /Fd"Debug\vc120.pdb" /Gd /TP /FIstdafx.h /FIcommon.h /analyze- /errorReport:prompt src\Application\Test\Test.cpp src\Framework\DebugProc\DebugProc.cpp src\Framework\GameManager\GameManager.cpp src\Framework\GameWindow\GameDirectX.cpp src\Framework\GameWindow\GameWindow.cpp src\Framework\Input\Input.cpp src\Framework\Input\InputDirect.cpp src\Framework\Input\InputKeyboard.cpp src\Framework\Input\InputManager.cpp src\Framework\Input\InputMouse.cpp src\Framework\Input\InputXInput.cpp src\Framework\Object\object.cpp src\main.cpp
         main.cpp
         object.cpp
         InputXInput.cpp
         InputMouse.cpp
         InputManager.cpp
         InputKeyboard.cpp
         InputDirect.cpp
         Input.cpp
         GameWindow.cpp
         GameDirectX.cpp
         GameManager.cpp
         DebugProc.cpp
         Test.cpp
         コードを生成中...
       Link:
         C:\Program Files (x86)\Microsoft Visual Studio 12.0\VC\bin\link.exe /ERRORREPORT:PROMPT /OUT:"C:\WorkSpace\MiraiSouzouten\Program\Program\Debug\DirectXWindow.exe" /INCREMENTAL /NOLOGO kernel32.lib user32.lib gdi32.lib winspool.lib comdlg32.lib advapi32.lib shell32.lib ole32.lib oleaut32.lib uuid.lib odbc32.lib odbccp32.lib /MANIFEST /MANIFESTUAC:"level='asInvoker' uiAccess='false'" /manifest:embed /DEBUG /PDB:"C:\WorkSpace\MiraiSouzouten\Program\Program\Debug\DirectXWindow.pdb" /SUBSYSTEM:WINDOWS /TLBID:1 /DYNAMICBASE /NXCOMPAT /IMPLIB:"C:\WorkSpace\MiraiSouzouten\Program\Program\Debug\DirectXWindow.lib" /MACHINE:X86 Debug\Test.obj
         Debug\DebugProc.obj
         Debug\GameManager.obj
         Debug\GameDirectX.obj
         Debug\GameWindow.obj
         Debug\Input.obj
         Debug\InputDirect.obj
         Debug\InputKeyboard.obj
         Debug\InputManager.obj
         Debug\InputMouse.obj
         Debug\InputXInput.obj
         Debug\object.obj
         Debug\main.obj
         Debug\stdafx.obj
         DirectXWindow.vcxproj -> C:\WorkSpace\MiraiSouzouten\Program\Program\Debug\DirectXWindow.exe
     1>プロジェクト "C:\WorkSpace\MiraiSouzouten\Program\Program\DirectXWindow.vcxproj" (Build ターゲット) のビルドが完了しました。

ビルドに成功しました。

経過時間 00:00:04.25
